2 49 4
12 70 23
7 0 31
x
3 65 4
1 20 27
x
7 2 24
2 0 22
x
2 38 44
3 89 5
x
6 63 7
11 6 12
13 53 25
10 4 17
14 86 12
14 50 19
0 9 14
13 22 27
x
x
6 12 34
13 87 32
12 8 22
x
x
12 22 20
4 26 8
10 88 13
11 72 13
7 58 39
10 96 6
15 0 24
1 67 33
x
10 78 11
8 87 40
x
7 94 2
6 17 14
5 88 44
2 95 3
10 5 39
10 64 30
10 24 37
2 72 39
8 72 31
1 24 10
14 3 7
7 73 5
5 12 2
15 95 10
4 74 26
5 89 41
5 63 10
4 64 6
13 0 29
12 0 31
1 11 21
4 38 8
2 74 11
14 62 6
9 90 23
0 66 0
6 0 3
3 67 41
x
13 1 9
0 60 44
x
14 57 8
x
x
11 49 29
4 96 17
7 11 32
9 50 16
7 74 42
9 57 2
x
0 96 35
14 40 9
6 81 26
x
11 0 6
x
7 87 5
0 11 9
4 81 1
10 10 4
7 52 20
13 39 9
9 12 16
12 38 29
x
1 60 21
6 88 7
15 32 27
7 42 34
14 60 23
3 7 10
6 73 40
x
6 41 39
12 30 32
14 74 38
14 99 1
14 10 39
0 6 44
x
1 47 21
9 24 27
12 9 18
3 92 34
3 16 19
13 79 18
x
15 16 20
0 21 31
x
2 81 35
8 23 34
7 26 29
3 19 24
14 15 30
x
4 69 36
4 24 26
x
13 75 35
9 0 36
1 40 10
7 4 39
1 0 37
15 2 14
8 0 38
x
9 31 6
5 50 12
10 74 43
0 88 26
x
8 58 10
6 34 11
9 81 40
15 41 18
8 55 22
4 33 10
12 85 15
9 75 25
x
5 0 6
10 6 4
1 90 8
x
6 76 37
11 40 37
9 66 27
7 67 1
15 26 43
12 99 38
5 41 7
12 14 1
3 38 42
14 95 15
15 97 14
10 11 15
5 73 4
x
6 66 21
15 42 24
13 25 31
x
x
6 58 40
13 97 25
15 67 16
14 42 41
3 58 34
8 9 21
3 26 3
9 13 12
7 12 22
14 68 4
11 98 30
11 28 5
12 42 11
x
15 81 44
2 57 7
12 88 32
14 33 42
3 36 31
2 76 22
1 78 35
15 51 16
8 14 0
15 75 31
5 79 34
5 14 38
8 75 32
13 59 38
x
5 74 25
3 48 15
4 77 18
11 65 9
11 50 23
3 47 43
x
x
x
5 98 7
6 3 24
5 25 41
8 92 17
3 99 0
4 0 35
10 37 43
9 43 12
2 3 2
2 99 8
12 90 2
6 52 18
8 30 10
x
7 35 22
2 15 39
x
7 89 4
0 0 42
5 31 24
0 30 0
x
14 16 36
x
3 21 13
0 78 29
7 60 35
13 15 16
x
8 39 24
13 34 30
12 32 26
5 93 20
5 58 39
6 78 33
3 95 30
2 16 25
5 9 25
10 67 19
3 81 33
12 16 29
8 90 5
15 84 29
11 35 37
x
x
8 67 37
10 32 44
3 53 15
x
1 32 16
2 51 17
12 59 14
0 31 35
9 34 8
2 90 13
3 63 16
2 59 5
x
2 67 15
15 3 8
12 92 15
1 53 20
x
0 41 15
13 3 17
8 32 28
11 15 16
7 19 22
1 71 22
x
10 0 26
4 14 6
x
x
1 46 11
8 1 4
2 26 38
1 28 9
15 61 25
13 68 16
7 6 28
0 48 41
5 33 35
x
7 44 15
10 81 18
1 99 25
11 51 17
15 98 42
2 34 30
4 41 16
14 28 12
1 42 18
1 80 42
2 42 33
0 16 13
8 97 26
15 36 29
10 91 11
6 6 5
6 8 41
12 67 21
0 50 35
13 84 17
x
13 17 5
14 7 15
0 52 13
x
11 68 30
3 3 8
10 46 19
7 69 23
12 79 20
15 44 13
10 83 15
7 90 36
12 17 11
0 70 37
7 82 8
14 77 25
11 3 37
14 64 25
x
13 28 2
12 26 0
11 59 21
10 69 33
x
9 52 33
x
10 61 20
10 1 44
9 69 19
11 16 25
3 30 42
6 91 6
1 3 28
9 60 21
2 10 35
1 8 41
4 91 9
12 75 36
7 62 2
0 91 32
5 52 21
5 68 19
2 60 15
1 58 28
2 69 5
13 98 40
4 57 35
10 14 26
1 34 13
4 29 4
11 43 38
13 5 18
x
1 55 6
10 18 29
0 63 24
14 37 43
10 43 4
6 70 18
6 83 44
7 46 0
9 16 3
11 79 22
12 35 9
6 22 28
11 77 6
15 12 25
9 36 7
x
1 16 0
7 39 11
x
15 91 35
x
13 56 7
x
11 18 24
x
x
11 92 38
x
13 10 43
x
5 80 21
6 45 8
2 92 22
x
4 61 24
10 54 11
12 5 22
10 2 1
14 91 6
5 45 3
x
1 74 11
13 92 3
8 50 26
13 44 25
12 45 5
4 50 4
3 42 0
15 46 29
14 72 8
6 38 16
9 41 12
x
4 22 31
3 73 3
8 18 16
5 18 44
2 27 17
3 85 20
8 3 35
5 5 44
4 45 19
4 3 38
1 85 17
x
13 71 17
11 45 40
3 12 1
x
x
2 62 23
x
15 7 13
1 94 38
x
9 95 40
x
x
9 47 12
9 5 30
1 35 40
10 47 24
12 40 28
8 4 19
14 82 1
5 6 14
x
15 63 38
12 80 15
9 87 17
14 20 11
2 45 23
2 53 11
9 21 0
x
x
x
11 19 23
x
x
x
12 87 0
1 38 23
x
x
x
0 34 41
15 38 1
6 30 36
x
3 0 32
5 27 18
13 63 20
2 7 23
8 54 9
14 47 33
9 9 2
10 94 36
x
13 46 27
11 84 20
12 62 28
0 57 34
10 16 40
10 49 18
8 35 9
6 71 26
8 80 41
9 78 7
7 78 10
0 84 23
5 10 1
7 22 0
8 99 19
0 26 20
14 54 42
14 83 12
7 84 39
13 30 2
0 35 43
12 54 41
7 56 23
8 44 25
x
2 85 22
5 54 27
4 17 17
15 21 30
6 48 11
4 8 1
6 94 43
13 26 12
13 76 31
14 21 12
5 76 32
5 37 40
12 37 32
2 79 5
9 85 14
10 28 5
x
6 74 38
1 49 7
7 50 8
3 78 4
9 29 9
0 46 32
5 48 31
0 43 28
10 77 10
x
7 98 2
10 80 27
x
x
11 25 38
7 23 12
x
x
5 11 40
11 54 40
10 40 13
x
8 82 8
10 56 27
4 9 14
5 20 26
6 56 22
7 79 24
7 85 26
x
x
2 12 12
5 39 29
2 21 37
x
3 17 31
13 49 15
8 7 38
7 31 44
0 74 20
1 62 3
15 57 39
12 49 34
6 99 36
12 96 1
x
11 95 8
x
x
14 22 14
11 61 26
9 62 43
11 11 2
5 28 14
5 84 40
x
5 91 2
4 86 30
8 63 36
14 97 41
15 72 21
x
3 50 4
15 88 19
11 32 13
x
9 22 5
3 33 23
7 15 11
11 87 33
x
0 4 42
0 80 1
15 9 32
15 79 31
11 21 9
6 26 1
8 46 42
4 54 3
8 84 10
x
14 0 18
x
4 39 39
x
5 21 39
x
8 28 3
13 74 29
3 15 30
2 30 25
