2 49 23
12 70 20
7 0 2
x
3 65 17
1 20 44
x
7 2 17
2 0 5
x
2 38 30
3 89 5
x
6 63 14
11 6 29
13 53 41
10 4 42
14 86 13
14 50 18
0 9 38
13 22 20
x
x
6 12 28
13 87 38
12 8 31
x
x
12 22 33
4 26 8
10 88 1
11 72 21
7 58 13
10 96 28
15 0 19
1 67 34
x
10 78 44
8 87 6
x
7 94 30
6 17 3
5 88 8
2 95 35
10 5 26
10 64 27
10 24 21
2 72 15
8 72 1
1 24 33
14 3 36
7 73 4
5 12 12
15 95 31
4 74 3
5 89 21
5 63 9
4 64 31
13 0 38
12 0 40
1 11 4
4 38 34
2 74 34
14 62 23
9 90 40
0 66 16
6 0 9
3 67 7
x
13 1 44
0 60 5
x
14 57 21
x
x
11 49 25
4 96 18
7 11 42
9 50 25
7 74 4
9 57 11
x
0 96 39
14 40 12
6 81 25
x
11 0 36
x
7 87 25
0 11 14
4 81 41
10 10 7
7 52 29
13 39 0
9 12 29
12 38 30
x
1 60 14
6 88 13
15 32 11
7 42 1
14 60 11
3 7 24
6 73 18
x
6 41 30
12 30 44
14 74 2
14 99 34
14 10 44
0 6 37
x
1 47 44
9 24 5
12 9 27
3 92 38
3 16 31
13 79 18
x
15 16 8
0 21 31
x
2 81 16
8 23 43
7 26 8
3 19 2
14 15 2
x
4 69 20
4 24 26
x
13 75 11
9 0 24
1 40 24
7 4 26
1 0 22
15 2 23
8 0 34
x
9 31 36
5 50 38
10 74 38
0 88 10
x
8 58 11
6 34 10
9 81 13
15 41 24
8 55 20
4 33 23
12 85 21
9 75 34
x
5 0 18
10 6 0
1 90 19
x
6 76 17
11 40 8
9 66 14
7 67 33
15 26 0
12 99 10
5 41 38
12 14 26
3 38 2
14 95 8
15 97 6
10 11 27
5 73 7
x
6 66 34
15 42 13
13 25 22
x
x
6 58 23
13 97 3
15 67 6
14 42 25
3 58 16
8 9 23
3 26 0
9 13 32
7 12 10
14 68 12
11 98 22
11 28 9
12 42 0
x
15 81 5
2 57 41
12 88 43
14 33 37
3 36 40
2 76 35
1 78 19
15 51 25
8 14 19
15 75 32
5 79 24
5 14 4
8 75 38
13 59 14
x
5 74 20
3 48 3
4 77 9
11 65 25
11 50 17
3 47 6
x
x
x
5 98 29
6 3 13
5 25 7
8 92 6
3 99 11
4 0 29
10 37 3
9 43 15
2 3 37
2 99 35
12 90 44
6 52 17
8 30 2
x
7 35 6
2 15 27
x
7 89 14
0 0 12
5 31 30
0 30 7
x
14 16 16
x
3 21 15
0 78 44
7 60 15
13 15 36
x
8 39 18
13 34 24
12 32 13
5 93 0
5 58 32
6 78 8
3 95 33
2 16 42
5 9 30
10 67 8
3 81 19
12 16 10
8 90 44
15 84 39
11 35 42
x
x
8 67 7
10 32 32
3 53 3
x
1 32 25
2 51 3
12 59 12
0 31 40
9 34 41
2 90 32
3 63 44
2 59 4
x
2 67 32
15 3 14
12 92 42
1 53 19
x
0 41 29
13 3 7
8 32 41
11 15 7
7 19 33
1 71 26
x
10 0 8
4 14 35
x
x
1 46 43
8 1 2
2 26 41
1 28 4
15 61 12
13 68 13
7 6 23
0 48 9
5 33 14
x
7 44 38
10 81 43
1 99 39
11 51 33
15 98 41
2 34 2
4 41 4
14 28 40
1 42 15
1 80 29
2 42 12
0 16 22
8 97 11
15 36 40
10 91 43
6 6 36
6 8 20
12 67 21
0 50 24
13 84 41
x
13 17 23
14 7 4
0 52 6
x
11 68 32
3 3 39
10 46 22
7 69 30
12 79 19
15 44 18
10 83 30
7 90 19
12 17 8
0 70 15
7 82 24
14 77 43
11 3 22
14 64 41
x
13 28 35
12 26 1
11 59 22
10 69 29
x
9 52 38
x
10 61 13
10 1 6
9 69 29
11 16 30
3 30 37
6 91 11
1 3 27
9 60 37
2 10 20
1 8 15
4 91 18
12 75 5
7 62 44
0 91 13
5 52 37
5 68 1
2 60 20
1 58 20
2 69 3
13 98 43
4 57 21
10 14 34
1 34 21
4 29 1
11 43 3
13 5 37
x
1 55 41
10 18 35
0 63 32
14 37 9
10 43 36
6 70 11
6 83 37
7 46 31
9 16 16
11 79 41
12 35 2
6 22 43
11 77 7
15 12 22
9 36 17
x
1 16 18
7 39 39
x
15 91 4
x
13 56 2
x
11 18 1
x
x
11 92 18
x
13 10 10
x
5 80 5
6 45 4
2 92 32
x
4 61 9
10 54 27
12 5 35
10 2 34
14 91 42
5 45 17
x
1 74 2
13 92 20
8 50 35
13 44 33
12 45 31
4 50 40
3 42 5
15 46 9
14 72 1
6 38 16
9 41 10
x
4 22 37
3 73 27
8 18 27
5 18 6
2 27 12
3 85 32
8 3 39
5 5 9
4 45 10
4 3 44
1 85 33
x
13 71 11
11 45 38
3 12 25
x
x
2 62 14
x
15 7 21
1 94 42
x
9 95 28
x
x
9 47 35
9 5 11
1 35 17
10 47 14
12 40 43
8 4 22
14 82 4
5 6 39
x
15 63 21
12 80 29
9 87 39
14 20 35
2 45 0
2 53 17
9 21 33
x
x
x
11 19 4
x
x
x
12 87 35
1 38 19
x
x
x
0 34 29
15 38 1
6 30 26
x
3 0 42
5 27 0
13 63 28
2 7 28
8 54 3
14 47 10
9 9 19
10 94 3
x
13 46 2
11 84 34
12 62 17
0 57 41
10 16 35
10 49 15
8 35 30
6 71 35
8 80 14
9 78 36
7 78 32
0 84 3
5 10 12
7 22 3
8 99 22
0 26 26
14 54 8
14 83 33
7 84 11
13 30 34
0 35 42
12 54 6
7 56 37
8 44 11
x
2 85 21
5 54 22
4 17 35
15 21 33
6 48 1
4 8 40
6 94 24
13 26 24
13 76 7
14 21 8
5 76 39
5 37 17
12 37 41
2 79 8
9 85 9
10 28 11
x
6 74 1
1 49 13
7 50 5
3 78 10
9 29 21
0 46 2
5 48 12
0 43 36
10 77 3
x
7 98 25
10 80 7
x
x
11 25 28
7 23 25
x
x
5 11 29
11 54 31
10 40 11
x
8 82 20
10 56 24
4 9 15
5 20 6
6 56 39
7 79 6
7 85 38
x
x
2 12 28
5 39 40
2 21 39
x
3 17 36
13 49 5
8 7 2
7 31 28
0 74 16
1 62 31
15 57 30
12 49 32
6 99 22
12 96 9
x
11 95 10
x
x
14 22 7
11 61 19
9 62 43
11 11 43
5 28 20
5 84 30
x
5 91 20
4 86 3
8 63 36
14 97 18
15 72 34
x
3 50 36
15 88 18
11 32 26
x
9 22 12
3 33 19
7 15 34
11 87 28
x
0 4 43
0 80 18
15 9 12
15 79 7
11 21 40
6 26 7
8 46 26
4 54 19
8 84 3
x
14 0 26
x
4 39 23
x
5 21 25
x
8 28 17
13 74 0
3 15 39
2 30 16
